[23-Nov-2022 20:37:41 UTC] "U"
[23-Nov-2022 20:40:42 UTC] PHP Fatal error:  Uncaught Error: 00 property Cmendoza\ApiCdc\models\UserModel::$clave must not be accessed before initialization in C:\laragon\www\api_cdc\src\models\UserModel.php:55
Stack trace:
#0 C:\laragon\www\api_cdc\src\controllers\auth\AuthController.php(38): Cmendoza\ApiCdc\models\UserModel->getUser()
#1 C:\laragon\www\api_cdc\src\routes\routes.php(111): Cmendoza\ApiCdc\controllers\auth\AuthController->existUser(Array)
#2 [internal function]: {closure}()
#3 C:\laragon\www\api_cdc\vendor\bramus\router\src\Bramus\Router\Router.php(458): call_user_func_array(Object(Closure), Array)
#4 C:\laragon\www\api_cdc\vendor\bramus\router\src\Bramus\Router\Router.php(440): Bramus\Router\Router->invoke(Object(Closure), Array)
#5 C:\laragon\www\api_cdc\vendor\bramus\router\src\Bramus\Router\Router.php(287): Bramus\Router\Router->handle(Array, true)
#6 C:\laragon\www\api_cdc\src\routes\routes.php(119): Bramus\Router\Router->run()
#7 C:\laragon\www\api_cdc\index.php(16): require('C:\\laragon\\www\\...')
#8 {main}
  thrown in C:\laragon\www\api_cdc\src\models\UserModel.php on line 55
[23-Nov-2022 20:47:46 UTC] PHP Fatal error:  Uncaught Error: Typed property Cmendoza\ApiCdc\models\UserModel::$clave must not be accessed before initialization in C:\laragon\www\api_cdc\src\models\UserModel.php:55
Stack trace:
#0 C:\laragon\www\api_cdc\src\controllers\auth\AuthController.php(38): Cmendoza\ApiCdc\models\UserModel->getUser()
#1 C:\laragon\www\api_cdc\src\routes\routes.php(111): Cmendoza\ApiCdc\controllers\auth\AuthController->existUser(Array)
#2 [internal function]: {closure}()
#3 C:\laragon\www\api_cdc\vendor\bramus\router\src\Bramus\Router\Router.php(458): call_user_func_array(Object(Closure), Array)
#4 C:\laragon\www\api_cdc\vendor\bramus\router\src\Bramus\Router\Router.php(440): Bramus\Router\Router->invoke(Object(Closure), Array)
#5 C:\laragon\www\api_cdc\vendor\bramus\router\src\Bramus\Router\Router.php(287): Bramus\Router\Router->handle(Array, true)
#6 C:\laragon\www\api_cdc\src\routes\routes.php(119): Bramus\Router\Router->run()
#7 C:\laragon\www\api_cdc\index.php(16): require('C:\\laragon\\www\\...')
#8 {main}
  thrown in C:\laragon\www\api_cdc\src\models\UserModel.php on line 55
[23-Nov-2022 20:59:13 UTC] PHP Fatal error:  Uncaught Error: Typed property Cmendoza\ApiCdc\models\UserModel::$clave must not be accessed before initialization in C:\laragon\www\api_cdc\src\models\UserModel.php:44
Stack trace:
#0 C:\laragon\www\api_cdc\src\controllers\auth\AuthController.php(38): Cmendoza\ApiCdc\models\UserModel->getUser()
#1 C:\laragon\www\api_cdc\src\routes\routes.php(111): Cmendoza\ApiCdc\controllers\auth\AuthController->existUser(Array)
#2 [internal function]: {closure}()
#3 C:\laragon\www\api_cdc\vendor\bramus\router\src\Bramus\Router\Router.php(458): call_user_func_array(Object(Closure), Array)
#4 C:\laragon\www\api_cdc\vendor\bramus\router\src\Bramus\Router\Router.php(440): Bramus\Router\Router->invoke(Object(Closure), Array)
#5 C:\laragon\www\api_cdc\vendor\bramus\router\src\Bramus\Router\Router.php(287): Bramus\Router\Router->handle(Array, true)
#6 C:\laragon\www\api_cdc\src\routes\routes.php(119): Bramus\Router\Router->run()
#7 C:\laragon\www\api_cdc\index.php(16): require('C:\\laragon\\www\\...')
#8 {main}
  thrown in C:\laragon\www\api_cdc\src\models\UserModel.php on line 44
[23-Nov-2022 20:59:45 UTC] PHP Fatal error:  Uncaught Error: Typed property Cmendoza\ApiCdc\models\UserModel::$clave must not be accessed before initialization in C:\laragon\www\api_cdc\src\models\UserModel.php:44
Stack trace:
#0 C:\laragon\www\api_cdc\src\controllers\auth\AuthController.php(38): Cmendoza\ApiCdc\models\UserModel->getUser()
#1 C:\laragon\www\api_cdc\src\routes\routes.php(111): Cmendoza\ApiCdc\controllers\auth\AuthController->existUser(Array)
#2 [internal function]: {closure}()
#3 C:\laragon\www\api_cdc\vendor\bramus\router\src\Bramus\Router\Router.php(458): call_user_func_array(Object(Closure), Array)
#4 C:\laragon\www\api_cdc\vendor\bramus\router\src\Bramus\Router\Router.php(440): Bramus\Router\Router->invoke(Object(Closure), Array)
#5 C:\laragon\www\api_cdc\vendor\bramus\router\src\Bramus\Router\Router.php(287): Bramus\Router\Router->handle(Array, true)
#6 C:\laragon\www\api_cdc\src\routes\routes.php(119): Bramus\Router\Router->run()
#7 C:\laragon\www\api_cdc\index.php(16): require('C:\\laragon\\www\\...')
#8 {main}
  thrown in C:\laragon\www\api_cdc\src\models\UserModel.php on line 44
[23-Nov-2022 21:14:39 UTC] PHP Fatal error:  Uncaught Error: Typed property Cmendoza\ApiCdc\models\UserModel::$clave must not be accessed before initialization in C:\laragon\www\api_cdc\src\models\UserModel.php:44
Stack trace:
#0 C:\laragon\www\api_cdc\src\controllers\auth\AuthController.php(38): Cmendoza\ApiCdc\models\UserModel->getUser()
#1 C:\laragon\www\api_cdc\src\routes\routes.php(111): Cmendoza\ApiCdc\controllers\auth\AuthController->existUser(Array)
#2 [internal function]: {closure}()
#3 C:\laragon\www\api_cdc\vendor\bramus\router\src\Bramus\Router\Router.php(458): call_user_func_array(Object(Closure), Array)
#4 C:\laragon\www\api_cdc\vendor\bramus\router\src\Bramus\Router\Router.php(440): Bramus\Router\Router->invoke(Object(Closure), Array)
#5 C:\laragon\www\api_cdc\vendor\bramus\router\src\Bramus\Router\Router.php(287): Bramus\Router\Router->handle(Array, true)
#6 C:\laragon\www\api_cdc\src\routes\routes.php(119): Bramus\Router\Router->run()
#7 C:\laragon\www\api_cdc\index.php(16): require('C:\\laragon\\www\\...')
#8 {main}
  thrown in C:\laragon\www\api_cdc\src\models\UserModel.php on line 44
[23-Nov-2022 21:15:39 UTC] U
[23-Nov-2022 21:15:39 UTC] U
[23-Nov-2022 21:16:22 UTC] U
[23-Nov-2022 21:16:22 UTC] 9100010501
[24-Nov-2022 19:26:04 UTC] SQLSTATE[08001]: [Microsoft][ODBC Driver 17 for SQL Server]TCP Provider: Host desconocido.

[24-Nov-2022 19:26:19 UTC] SQLSTATE[08001]: [Microsoft][ODBC Driver 17 for SQL Server]TCP Provider: Host desconocido.

[24-Nov-2022 19:26:19 UTC] SQLSTATE[08001]: [Microsoft][ODBC Driver 17 for SQL Server]TCP Provider: Host desconocido.

[24-Nov-2022 19:26:19 UTC] SQLSTATE[08001]: [Microsoft][ODBC Driver 17 for SQL Server]TCP Provider: Host desconocido.

[24-Nov-2022 19:26:19 UTC] SQLSTATE[08001]: [Microsoft][ODBC Driver 17 for SQL Server]TCP Provider: Host desconocido.

[24-Nov-2022 19:26:20 UTC] SQLSTATE[08001]: [Microsoft][ODBC Driver 17 for SQL Server]TCP Provider: Host desconocido.

[24-Nov-2022 19:26:35 UTC] SQLSTATE[08001]: [Microsoft][ODBC Driver 17 for SQL Server]TCP Provider: Host desconocido.

[24-Nov-2022 19:26:35 UTC] SQLSTATE[08001]: [Microsoft][ODBC Driver 17 for SQL Server]TCP Provider: Host desconocido.

[24-Nov-2022 19:26:35 UTC] SQLSTATE[08001]: [Microsoft][ODBC Driver 17 for SQL Server]TCP Provider: Host desconocido.

[24-Nov-2022 19:26:35 UTC] SQLSTATE[08001]: [Microsoft][ODBC Driver 17 for SQL Server]TCP Provider: Host desconocido.

[24-Nov-2022 19:26:38 UTC] SQLSTATE[08001]: [Microsoft][ODBC Driver 17 for SQL Server]TCP Provider: Host desconocido.

[24-Nov-2022 19:26:51 UTC] SQLSTATE[08001]: [Microsoft][ODBC Driver 17 for SQL Server]TCP Provider: Host desconocido.

[24-Nov-2022 19:26:51 UTC] SQLSTATE[08001]: [Microsoft][ODBC Driver 17 for SQL Server]TCP Provider: Host desconocido.

[24-Nov-2022 19:26:51 UTC] SQLSTATE[08001]: [Microsoft][ODBC Driver 17 for SQL Server]TCP Provider: Host desconocido.

[24-Nov-2022 19:27:07 UTC] SQLSTATE[08001]: [Microsoft][ODBC Driver 17 for SQL Server]TCP Provider: Host desconocido.

[24-Nov-2022 19:27:07 UTC] SQLSTATE[08001]: [Microsoft][ODBC Driver 17 for SQL Server]TCP Provider: Host desconocido.

[24-Nov-2022 19:27:07 UTC] SQLSTATE[08001]: [Microsoft][ODBC Driver 17 for SQL Server]TCP Provider: Host desconocido.

[24-Nov-2022 19:27:07 UTC] SQLSTATE[08001]: [Microsoft][ODBC Driver 17 for SQL Server]TCP Provider: Host desconocido.

[24-Nov-2022 19:27:08 UTC] SQLSTATE[08001]: [Microsoft][ODBC Driver 17 for SQL Server]TCP Provider: Host desconocido.

[24-Nov-2022 19:27:22 UTC] SQLSTATE[08001]: [Microsoft][ODBC Driver 17 for SQL Server]TCP Provider: Host desconocido.

[24-Nov-2022 19:27:22 UTC] SQLSTATE[08001]: [Microsoft][ODBC Driver 17 for SQL Server]TCP Provider: Host desconocido.

[24-Nov-2022 19:27:22 UTC] SQLSTATE[08001]: [Microsoft][ODBC Driver 17 for SQL Server]TCP Provider: Host desconocido.

[24-Nov-2022 19:27:22 UTC] SQLSTATE[08001]: [Microsoft][ODBC Driver 17 for SQL Server]TCP Provider: Host desconocido.

[24-Nov-2022 19:27:23 UTC] SQLSTATE[08001]: [Microsoft][ODBC Driver 17 for SQL Server]TCP Provider: Host desconocido.

[24-Nov-2022 19:27:23 UTC] SQLSTATE[08001]: [Microsoft][ODBC Driver 17 for SQL Server]TCP Provider: Host desconocido.

[24-Nov-2022 19:27:23 UTC] SQLSTATE[08001]: [Microsoft][ODBC Driver 17 for SQL Server]TCP Provider: Host desconocido.

[24-Nov-2022 19:27:23 UTC] SQLSTATE[08001]: [Microsoft][ODBC Driver 17 for SQL Server]TCP Provider: Host desconocido.

[24-Nov-2022 19:27:23 UTC] SQLSTATE[08001]: [Microsoft][ODBC Driver 17 for SQL Server]TCP Provider: Host desconocido.

[24-Nov-2022 19:27:23 UTC] SQLSTATE[08001]: [Microsoft][ODBC Driver 17 for SQL Server]TCP Provider: Host desconocido.

[24-Nov-2022 19:27:23 UTC] SQLSTATE[08001]: [Microsoft][ODBC Driver 17 for SQL Server]TCP Provider: Host desconocido.

[24-Nov-2022 19:27:23 UTC] SQLSTATE[08001]: [Microsoft][ODBC Driver 17 for SQL Server]TCP Provider: Host desconocido.

[24-Nov-2022 19:27:23 UTC] SQLSTATE[08001]: [Microsoft][ODBC Driver 17 for SQL Server]TCP Provider: Host desconocido.

[24-Nov-2022 19:27:23 UTC] SQLSTATE[08001]: [Microsoft][ODBC Driver 17 for SQL Server]TCP Provider: Host desconocido.

[24-Nov-2022 19:27:23 UTC] SQLSTATE[08001]: [Microsoft][ODBC Driver 17 for SQL Server]TCP Provider: Host desconocido.

[24-Nov-2022 19:27:23 UTC] SQLSTATE[08001]: [Microsoft][ODBC Driver 17 for SQL Server]TCP Provider: Host desconocido.

[24-Nov-2022 19:27:23 UTC] SQLSTATE[08001]: [Microsoft][ODBC Driver 17 for SQL Server]TCP Provider: Host desconocido.

[24-Nov-2022 19:27:23 UTC] SQLSTATE[08001]: [Microsoft][ODBC Driver 17 for SQL Server]TCP Provider: Host desconocido.

[24-Nov-2022 19:27:23 UTC] SQLSTATE[08001]: [Microsoft][ODBC Driver 17 for SQL Server]TCP Provider: Host desconocido.

[24-Nov-2022 19:27:23 UTC] SQLSTATE[08001]: [Microsoft][ODBC Driver 17 for SQL Server]TCP Provider: Host desconocido.

[24-Nov-2022 19:27:23 UTC] SQLSTATE[08001]: [Microsoft][ODBC Driver 17 for SQL Server]TCP Provider: Host desconocido.

[24-Nov-2022 19:28:26 UTC] SQLSTATE[08001]: [Microsoft][ODBC Driver 17 for SQL Server]TCP Provider: Host desconocido.

[24-Nov-2022 19:28:55 UTC] SQLSTATE[08001]: [Microsoft][ODBC Driver 17 for SQL Server]TCP Provider: Host desconocido.

[24-Nov-2022 19:28:57 UTC] SQLSTATE[08001]: [Microsoft][ODBC Driver 17 for SQL Server]TCP Provider: Host desconocido.

[24-Nov-2022 19:28:58 UTC] SQLSTATE[08001]: [Microsoft][ODBC Driver 17 for SQL Server]TCP Provider: Host desconocido.

[24-Nov-2022 19:29:05 UTC] SQLSTATE[08001]: [Microsoft][ODBC Driver 17 for SQL Server]TCP Provider: Host desconocido.

[24-Nov-2022 19:29:05 UTC] SQLSTATE[08001]: [Microsoft][ODBC Driver 17 for SQL Server]TCP Provider: Host desconocido.

[24-Nov-2022 19:30:17 UTC] SQLSTATE[08001]: [Microsoft][ODBC Driver 17 for SQL Server]TCP Provider: Host desconocido.

[24-Nov-2022 19:30:19 UTC] SQLSTATE[08001]: [Microsoft][ODBC Driver 17 for SQL Server]TCP Provider: Host desconocido.

[24-Nov-2022 19:30:20 UTC] SQLSTATE[08001]: [Microsoft][ODBC Driver 17 for SQL Server]TCP Provider: Host desconocido.

[24-Nov-2022 19:30:20 UTC] SQLSTATE[08001]: [Microsoft][ODBC Driver 17 for SQL Server]TCP Provider: Host desconocido.

[24-Nov-2022 19:30:21 UTC] SQLSTATE[08001]: [Microsoft][ODBC Driver 17 for SQL Server]TCP Provider: Host desconocido.

[24-Nov-2022 19:30:34 UTC] SQLSTATE[08001]: [Microsoft][ODBC Driver 17 for SQL Server]TCP Provider: Host desconocido.

[24-Nov-2022 19:30:36 UTC] SQLSTATE[08001]: [Microsoft][ODBC Driver 17 for SQL Server]TCP Provider: Host desconocido.

[24-Nov-2022 19:30:36 UTC] SQLSTATE[08001]: [Microsoft][ODBC Driver 17 for SQL Server]TCP Provider: Host desconocido.

[24-Nov-2022 19:30:36 UTC] SQLSTATE[08001]: [Microsoft][ODBC Driver 17 for SQL Server]TCP Provider: Host desconocido.

[24-Nov-2022 19:30:39 UTC] SQLSTATE[08001]: [Microsoft][ODBC Driver 17 for SQL Server]TCP Provider: Host desconocido.

[24-Nov-2022 19:30:54 UTC] SQLSTATE[08001]: [Microsoft][ODBC Driver 17 for SQL Server]TCP Provider: Host desconocido.

[24-Nov-2022 19:30:55 UTC] SQLSTATE[08001]: [Microsoft][ODBC Driver 17 for SQL Server]TCP Provider: Host desconocido.

[24-Nov-2022 19:30:55 UTC] SQLSTATE[08001]: [Microsoft][ODBC Driver 17 for SQL Server]TCP Provider: Host desconocido.

[24-Nov-2022 19:30:55 UTC] SQLSTATE[08001]: [Microsoft][ODBC Driver 17 for SQL Server]TCP Provider: Host desconocido.

[24-Nov-2022 19:30:55 UTC] SQLSTATE[08001]: [Microsoft][ODBC Driver 17 for SQL Server]TCP Provider: Host desconocido.

[24-Nov-2022 19:31:10 UTC] SQLSTATE[08001]: [Microsoft][ODBC Driver 17 for SQL Server]TCP Provider: Host desconocido.

[24-Nov-2022 19:31:11 UTC] SQLSTATE[08001]: [Microsoft][ODBC Driver 17 for SQL Server]TCP Provider: Host desconocido.

[24-Nov-2022 19:31:11 UTC] SQLSTATE[08001]: [Microsoft][ODBC Driver 17 for SQL Server]TCP Provider: Host desconocido.

[24-Nov-2022 19:31:11 UTC] SQLSTATE[08001]: [Microsoft][ODBC Driver 17 for SQL Server]TCP Provider: Host desconocido.

[24-Nov-2022 19:31:11 UTC] SQLSTATE[08001]: [Microsoft][ODBC Driver 17 for SQL Server]TCP Provider: Host desconocido.

[24-Nov-2022 19:31:29 UTC] SQLSTATE[08001]: [Microsoft][ODBC Driver 17 for SQL Server]TCP Provider: Host desconocido.

[24-Nov-2022 19:31:29 UTC] SQLSTATE[08001]: [Microsoft][ODBC Driver 17 for SQL Server]TCP Provider: Host desconocido.

[24-Nov-2022 19:31:29 UTC] SQLSTATE[08001]: [Microsoft][ODBC Driver 17 for SQL Server]TCP Provider: Host desconocido.

[24-Nov-2022 19:31:29 UTC] SQLSTATE[08001]: [Microsoft][ODBC Driver 17 for SQL Server]TCP Provider: Host desconocido.

[24-Nov-2022 19:31:30 UTC] SQLSTATE[08001]: [Microsoft][ODBC Driver 17 for SQL Server]TCP Provider: Host desconocido.

[24-Nov-2022 19:31:45 UTC] SQLSTATE[08001]: [Microsoft][ODBC Driver 17 for SQL Server]TCP Provider: Host desconocido.

[24-Nov-2022 19:31:45 UTC] SQLSTATE[08001]: [Microsoft][ODBC Driver 17 for SQL Server]TCP Provider: Host desconocido.

[24-Nov-2022 19:31:45 UTC] SQLSTATE[08001]: [Microsoft][ODBC Driver 17 for SQL Server]TCP Provider: Host desconocido.

[24-Nov-2022 19:31:45 UTC] SQLSTATE[08001]: [Microsoft][ODBC Driver 17 for SQL Server]TCP Provider: Host desconocido.

[24-Nov-2022 19:31:45 UTC] SQLSTATE[08001]: [Microsoft][ODBC Driver 17 for SQL Server]TCP Provider: Host desconocido.

[24-Nov-2022 19:32:04 UTC] SQLSTATE[08001]: [Microsoft][ODBC Driver 17 for SQL Server]TCP Provider: Host desconocido.

[24-Nov-2022 19:32:04 UTC] SQLSTATE[08001]: [Microsoft][ODBC Driver 17 for SQL Server]TCP Provider: Host desconocido.

[24-Nov-2022 19:32:04 UTC] SQLSTATE[08001]: [Microsoft][ODBC Driver 17 for SQL Server]TCP Provider: Host desconocido.

[24-Nov-2022 19:32:04 UTC] SQLSTATE[08001]: [Microsoft][ODBC Driver 17 for SQL Server]TCP Provider: Host desconocido.

[24-Nov-2022 19:32:04 UTC] SQLSTATE[08001]: [Microsoft][ODBC Driver 17 for SQL Server]TCP Provider: Host desconocido.

[24-Nov-2022 19:32:33 UTC] SQLSTATE[08001]: [Microsoft][ODBC Driver 17 for SQL Server]TCP Provider: Host desconocido.

[24-Nov-2022 19:32:33 UTC] SQLSTATE[08001]: [Microsoft][ODBC Driver 17 for SQL Server]TCP Provider: Host desconocido.

[24-Nov-2022 19:32:33 UTC] SQLSTATE[08001]: [Microsoft][ODBC Driver 17 for SQL Server]TCP Provider: Host desconocido.

[24-Nov-2022 19:32:33 UTC] SQLSTATE[08001]: [Microsoft][ODBC Driver 17 for SQL Server]TCP Provider: Host desconocido.

[24-Nov-2022 19:32:33 UTC] SQLSTATE[08001]: [Microsoft][ODBC Driver 17 for SQL Server]TCP Provider: Host desconocido.

[24-Nov-2022 19:32:50 UTC] SQLSTATE[08001]: [Microsoft][ODBC Driver 17 for SQL Server]TCP Provider: Host desconocido.

[24-Nov-2022 19:32:50 UTC] SQLSTATE[08001]: [Microsoft][ODBC Driver 17 for SQL Server]TCP Provider: Host desconocido.

[24-Nov-2022 19:32:50 UTC] SQLSTATE[08001]: [Microsoft][ODBC Driver 17 for SQL Server]TCP Provider: Host desconocido.

[24-Nov-2022 19:32:50 UTC] SQLSTATE[08001]: [Microsoft][ODBC Driver 17 for SQL Server]TCP Provider: Host desconocido.

[24-Nov-2022 19:32:50 UTC] SQLSTATE[08001]: [Microsoft][ODBC Driver 17 for SQL Server]TCP Provider: Host desconocido.

[24-Nov-2022 23:48:13 UTC] PHP Warning:  Illegal string offset 'status' in C:\laragon\www\api_cdc\src\controllers\auth\AuthController.php on line 50
[24-Nov-2022 23:49:22 UTC] PHP Warning:  Illegal string offset 'status' in C:\laragon\www\api_cdc\src\controllers\auth\AuthController.php on line 50
[24-Nov-2022 23:50:35 UTC] PHP Warning:  Illegal string offset 'status' in C:\laragon\www\api_cdc\src\controllers\auth\AuthController.php on line 50
[26-Nov-2022 00:57:33 UTC] PHP Warning:  Illegal string offset 'status' in C:\laragon\www\api_cdc\src\controllers\auth\AuthController.php on line 50
[26-Nov-2022 01:12:10 UTC] PHP Warning:  Illegal string offset 'status' in C:\laragon\www\api_cdc\src\controllers\auth\AuthController.php on line 50
[26-Nov-2022 01:17:18 UTC] PHP Warning:  Illegal string offset 'status' in C:\laragon\www\api_cdc\src\controllers\auth\AuthController.php on line 50
[26-Nov-2022 01:31:25 UTC] PHP Warning:  Illegal string offset 'status' in C:\laragon\www\api_cdc\src\controllers\auth\AuthController.php on line 50
[28-Nov-2022 17:46:51 UTC] PHP Warning:  Illegal string offset 'status' in C:\laragon\www\api_cdc\src\controllers\auth\AuthController.php on line 50
[28-Nov-2022 19:21:04 UTC] PHP Warning:  Illegal string offset 'status' in C:\laragon\www\api_cdc\src\controllers\auth\AuthController.php on line 50
[28-Nov-2022 19:51:28 UTC] PHP Warning:  Illegal string offset 'status' in C:\laragon\www\api_cdc\src\controllers\auth\AuthController.php on line 50
[28-Nov-2022 20:06:35 UTC] PHP Warning:  Illegal string offset 'status' in C:\laragon\www\api_cdc\src\controllers\auth\AuthController.php on line 50
[28-Nov-2022 20:13:38 UTC] PHP Parse error:  syntax error, unexpected 'return' (T_RETURN), expecting function (T_FUNCTION) or const (T_CONST) in C:\laragon\www\api_cdc\src\controllers\auth\AuthController.php on line 55
[28-Nov-2022 20:13:40 UTC] PHP Parse error:  syntax error, unexpected 'return' (T_RETURN), expecting function (T_FUNCTION) or const (T_CONST) in C:\laragon\www\api_cdc\src\controllers\auth\AuthController.php on line 55
[28-Nov-2022 20:15:59 UTC] U
[28-Nov-2022 20:15:59 UTC] [{"clave":"9100010501","mail":"sistemas@cdcac.com","status":"U","celular":"5514121412"}]
[28-Nov-2022 20:16:48 UTC] U
[28-Nov-2022 20:16:48 UTC] [{"clave":"9100010501","mail":"sistemas@cdcac.com","status":"U","celular":"5514121412"}]
[28-Nov-2022 20:16:53 UTC] U
[28-Nov-2022 20:16:53 UTC] [{"clave":"9100010501","mail":"sistemas@cdcac.com","status":"U","celular":"5514121412"}]
[28-Nov-2022 20:16:55 UTC] U
[28-Nov-2022 20:16:55 UTC] [{"clave":"9100010501","mail":"sistemas@cdcac.com","status":"U","celular":"5514121412"}]
[28-Nov-2022 20:16:56 UTC] U
[28-Nov-2022 20:16:56 UTC] [{"clave":"9100010501","mail":"sistemas@cdcac.com","status":"U","celular":"5514121412"}]
[28-Nov-2022 20:17:26 UTC] U
[28-Nov-2022 20:17:26 UTC] [{"clave":"9100010501","mail":"sistemas@cdcac.com","status":"U","celular":"5514121412"}]
[28-Nov-2022 20:17:28 UTC] U
[28-Nov-2022 20:17:28 UTC] [{"clave":"9100010501","mail":"sistemas@cdcac.com","status":"U","celular":"5514121412"}]
[28-Nov-2022 20:17:28 UTC] U
[28-Nov-2022 20:17:28 UTC] [{"clave":"9100010501","mail":"sistemas@cdcac.com","status":"U","celular":"5514121412"}]
[28-Nov-2022 20:17:28 UTC] U
[28-Nov-2022 20:17:28 UTC] [{"clave":"9100010501","mail":"sistemas@cdcac.com","status":"U","celular":"5514121412"}]
[28-Nov-2022 20:17:28 UTC] U
[28-Nov-2022 20:17:28 UTC] [{"clave":"9100010501","mail":"sistemas@cdcac.com","status":"U","celular":"5514121412"}]
[28-Nov-2022 20:17:29 UTC] U
[28-Nov-2022 20:17:29 UTC] [{"clave":"9100010501","mail":"sistemas@cdcac.com","status":"U","celular":"5514121412"}]
[28-Nov-2022 20:17:29 UTC] U
[28-Nov-2022 20:17:29 UTC] [{"clave":"9100010501","mail":"sistemas@cdcac.com","status":"U","celular":"5514121412"}]
[28-Nov-2022 20:17:29 UTC] U
[28-Nov-2022 20:17:29 UTC] [{"clave":"9100010501","mail":"sistemas@cdcac.com","status":"U","celular":"5514121412"}]
[28-Nov-2022 20:17:29 UTC] U
[28-Nov-2022 20:17:29 UTC] [{"clave":"9100010501","mail":"sistemas@cdcac.com","status":"U","celular":"5514121412"}]
[28-Nov-2022 20:17:30 UTC] U
[28-Nov-2022 20:17:30 UTC] [{"clave":"9100010501","mail":"sistemas@cdcac.com","status":"U","celular":"5514121412"}]
[28-Nov-2022 20:17:30 UTC] U
[28-Nov-2022 20:17:30 UTC] [{"clave":"9100010501","mail":"sistemas@cdcac.com","status":"U","celular":"5514121412"}]
[28-Nov-2022 20:17:30 UTC] U
[28-Nov-2022 20:17:30 UTC] [{"clave":"9100010501","mail":"sistemas@cdcac.com","status":"U","celular":"5514121412"}]
[28-Nov-2022 20:17:30 UTC] U
[28-Nov-2022 20:17:30 UTC] [{"clave":"9100010501","mail":"sistemas@cdcac.com","status":"U","celular":"5514121412"}]
[28-Nov-2022 20:17:30 UTC] U
[28-Nov-2022 20:17:30 UTC] [{"clave":"9100010501","mail":"sistemas@cdcac.com","status":"U","celular":"5514121412"}]
[28-Nov-2022 20:17:31 UTC] U
[28-Nov-2022 20:17:31 UTC] [{"clave":"9100010501","mail":"sistemas@cdcac.com","status":"U","celular":"5514121412"}]
[28-Nov-2022 20:17:31 UTC] U
[28-Nov-2022 20:17:31 UTC] [{"clave":"9100010501","mail":"sistemas@cdcac.com","status":"U","celular":"5514121412"}]
[28-Nov-2022 20:17:32 UTC] U
[28-Nov-2022 20:17:32 UTC] [{"clave":"9100010501","mail":"sistemas@cdcac.com","status":"U","celular":"5514121412"}]
[28-Nov-2022 20:17:32 UTC] U
[28-Nov-2022 20:17:32 UTC] [{"clave":"9100010501","mail":"sistemas@cdcac.com","status":"U","celular":"5514121412"}]
[28-Nov-2022 20:17:32 UTC] U
[28-Nov-2022 20:17:32 UTC] [{"clave":"9100010501","mail":"sistemas@cdcac.com","status":"U","celular":"5514121412"}]
[28-Nov-2022 20:17:46 UTC] U
[28-Nov-2022 20:17:46 UTC] [{"clave":"9100010501","mail":"sistemas@cdcac.com","status":"U","celular":"5514121412"}]
[28-Nov-2022 20:26:47 UTC] U
[28-Nov-2022 20:26:47 UTC] [{"clave":"9100010501","mail":"sistemas@cdcac.com","status":"U","celular":"5514121412"}]
[28-Nov-2022 20:26:52 UTC] U
[28-Nov-2022 20:26:52 UTC] [{"clave":"9100010501","mail":"sistemas@cdcac.com","status":"U","celular":"5514121412"}]
[28-Nov-2022 20:43:45 UTC] PHP Warning:  Illegal string offset 'status' in C:\laragon\www\api_cdc\src\controllers\auth\AuthController.php on line 50
[28-Nov-2022 20:43:45 UTC] 6
[28-Nov-2022 20:43:45 UTC] "63851d8121ba4"
[28-Nov-2022 20:43:45 UTC] PHP Warning:  Illegal string offset 'status' in C:\laragon\www\api_cdc\src\controllers\auth\AuthController.php on line 52
[28-Nov-2022 20:51:48 UTC] U
[28-Nov-2022 20:51:48 UTC] [{"clave":"9100010501","mail":"sistemas@cdcac.com","status":"U","celular":"5514121412"}]
[28-Nov-2022 21:00:25 UTC] PHP Warning:  Illegal string offset 'status' in C:\laragon\www\api_cdc\src\controllers\auth\AuthController.php on line 50
[28-Nov-2022 21:00:25 UTC] 6
[28-Nov-2022 21:00:25 UTC] "6385216987933"
[28-Nov-2022 21:00:25 UTC] PHP Warning:  Illegal string offset 'status' in C:\laragon\www\api_cdc\src\controllers\auth\AuthController.php on line 52
[28-Nov-2022 21:05:48 UTC] U
[28-Nov-2022 21:05:48 UTC] [{"clave":"9100010501","mail":"sistemas@cdcac.com","status":"U","celular":"5514121412"}]
[28-Nov-2022 22:19:08 UTC] U
[28-Nov-2022 22:19:08 UTC] [{"clave":"9100010501","mail":"sistemas@cdcac.com","status":"U","celular":"5514121412"}]
[30-Nov-2022 01:51:09 UTC] PHP Warning:  Illegal string offset 'status' in C:\laragon\www\api_cdc\src\controllers\auth\AuthController.php on line 50
[30-Nov-2022 01:51:09 UTC] 6
[30-Nov-2022 01:51:09 UTC] "6386b70d17863"
[30-Nov-2022 01:51:09 UTC] PHP Warning:  Illegal string offset 'status' in C:\laragon\www\api_cdc\src\controllers\auth\AuthController.php on line 52
[30-Nov-2022 01:56:52 UTC] U
[30-Nov-2022 01:56:52 UTC] [{"clave":"9100010501","mail":"sistemas@cdcac.com","status":"U","celular":"5514121412"}]
[30-Nov-2022 02:09:45 UTC] U
[30-Nov-2022 02:09:45 UTC] U
[30-Nov-2022 02:09:45 UTC] [{"clave":"9100010501","mail":"sistemas@cdcac.com","status":"U","celular":"5514121412"}]
[30-Nov-2022 02:09:45 UTC] [{"clave":"9100010501","mail":"sistemas@cdcac.com","status":"U","celular":"5514121412"}]
[30-Nov-2022 02:20:18 UTC] U
[30-Nov-2022 02:20:18 UTC] [{"clave":"9100010501","mail":"sistemas@cdcac.com","status":"U","celular":"5514121412"}]
[30-Nov-2022 02:20:59 UTC] U
[30-Nov-2022 02:20:59 UTC] [{"clave":"9100010501","mail":"sistemas@cdcac.com","status":"U","celular":"5514121412"}]
[30-Nov-2022 02:22:38 UTC] {"name":"","email":"","userKey":"","message":""}
[30-Nov-2022 02:22:38 UTC] "6386be6e41369"
